Build started 17-Apr-16 3:43:22 PM.
     1>Project "C:\Users\MYGPC\MissionRnDProjects\test2\spec\spec.vcxproj" on node 3 (Build target(s)).
     1>ClCompile:
         C:\Program Files (x86)\Microsoft Visual Studio 12.0\VC\bin\CL.exe /c /AI"C:\Program Files (x86)\Reference Assemblies\Microsoft\Framework\.NETFramework\v4.0" /AI"C:\Program Files (x86)\Windows Kits\8.1\References\CommonConfiguration\Neutral" /Zi /clr /nologo /W3 /WX- /Od /Oy- /D WIN32 /D _DEBUG /D _WINDLL /D _UNICODE /D UNICODE /EHa /MD /GS /fp:precise /Zc:wchar_t /Zc:forScope /Yu"stdafx.h" /Fp"Debug\spec.pch" /Fo"Debug\\" /Fd"Debug\vc120.pdb" /TP /FU"C:\Program Files (x86)\Microsoft Visual Studio 12.0\Common7\IDE\PublicAssemblies\Microsoft.VisualStudio.QualityTools.UnitTestFramework.dll" /FU"C:\Program Files (x86)\Reference Assemblies\Microsoft\Framework\.NETFramework\v4.0\mscorlib.dll" /FU"C:\Program Files (x86)\Reference Assemblies\Microsoft\Framework\.NETFramework\v4.0\System.Data.dll" /FU"C:\Program Files (x86)\Reference Assemblies\Microsoft\Framework\.NETFramework\v4.0\System.dll" /FU"C:\Program Files (x86)\Reference Assemblies\Microsoft\Framework\.NETFramework\v4.0\System.Xml.dll" /analyze- /errorReport:prompt /clr:nostdlib OddEvenSpec.cpp
         OddEvenSpec.cpp
     1>OddEvenSpec.cpp(2): warning C4067: unexpected tokens following preprocessor directive - expected a newline
     1>OddEvenSpec.cpp(3): warning C4067: unexpected tokens following preprocessor directive - expected a newline
     1>c:\users\mygpc\missionrndprojects\test2\spec\./../src/OddEven.cpp(43): error C2059: syntax error : '->'
     1>c:\users\mygpc\missionrndprojects\test2\spec\./../src/OddEven.cpp(44): error C2143: syntax error : missing ';' before '{'
     1>c:\users\mygpc\missionrndprojects\test2\spec\./../src/OddEven.cpp(45): error C2143: syntax error : missing ';' before '->'
     1>c:\users\mygpc\missionrndprojects\test2\spec\./../src/OddEven.cpp(46): error C2065: 'next' : undeclared identifier
     1>c:\users\mygpc\missionrndprojects\test2\spec\./../src/OddEven.cpp(46): error C2275: 'oddevennode' : illegal use of this type as an expression
                 c:\users\mygpc\missionrndprojects\test2\spec\./../src/OddEven.cpp(34) : see declaration of 'oddevennode'
     1>c:\users\mygpc\missionrndprojects\test2\spec\./../src/OddEven.cpp(46): error C2227: left of '->next' must point to class/struct/union/generic type
     1>c:\users\mygpc\missionrndprojects\test2\spec\./../src/OddEven.cpp(49): error C2059: syntax error : '->'
     1>c:\users\mygpc\missionrndprojects\test2\spec\./../src/OddEven.cpp(50): error C2143: syntax error : missing ';' before '{'
     1>c:\users\mygpc\missionrndprojects\test2\spec\./../src/OddEven.cpp(51): error C2143: syntax error : missing ';' before '->'
     1>c:\users\mygpc\missionrndprojects\test2\spec\./../src/OddEven.cpp(52): error C2065: 'next' : undeclared identifier
     1>c:\users\mygpc\missionrndprojects\test2\spec\./../src/OddEven.cpp(52): error C2275: 'oddevennode' : illegal use of this type as an expression
                 c:\users\mygpc\missionrndprojects\test2\spec\./../src/OddEven.cpp(34) : see declaration of 'oddevennode'
     1>c:\users\mygpc\missionrndprojects\test2\spec\./../src/OddEven.cpp(52): error C2227: left of '->next' must point to class/struct/union/generic type
     1>c:\users\mygpc\missionrndprojects\test2\spec\./../src/OddEven.cpp(56): warning C4172: returning address of local variable or temporary
     1>Done Building Project "C:\Users\MYGPC\MissionRnDProjects\test2\spec\spec.vcxproj" (Build target(s)) -- FAILED.

Build FAILED.

Time Elapsed 00:00:01.94
