Build started 17-Apr-16 3:43:22 PM.
     1>Project "C:\Users\MYGPC\MissionRnDProjects\test2\src\src.vcxproj" on node 2 (Build target(s)).
     1>ClCompile:
         C:\Program Files (x86)\Microsoft Visual Studio 12.0\VC\bin\CL.exe /c /ZI /nologo /W3 /WX- /sdl /Od /Oy- /D WIN32 /D _DEBUG /D _CONSOLE /D _LIB /D _UNICODE /D UNICODE /Gm /EHsc /RTC1 /MDd /GS /fp:precise /Zc:wchar_t /Zc:forScope /Fo"Debug\\" /Fd"Debug\vc120.pdb" /Gd /TP /analyze- /errorReport:prompt OddEven.cpp
         OddEven.cpp
     1>c:\users\mygpc\missionrndprojects\test2\src\oddeven.cpp(43): error C2059: syntax error : '->'
     1>c:\users\mygpc\missionrndprojects\test2\src\oddeven.cpp(44): error C2143: syntax error : missing ';' before '{'
     1>c:\users\mygpc\missionrndprojects\test2\src\oddeven.cpp(45): error C2143: syntax error : missing ';' before '->'
     1>c:\users\mygpc\missionrndprojects\test2\src\oddeven.cpp(46): error C2065: 'next' : undeclared identifier
     1>c:\users\mygpc\missionrndprojects\test2\src\oddeven.cpp(46): error C2275: 'oddevennode' : illegal use of this type as an expression
                 c:\users\mygpc\missionrndprojects\test2\src\oddeven.cpp(34) : see declaration of 'oddevennode'
     1>c:\users\mygpc\missionrndprojects\test2\src\oddeven.cpp(46): error C2227: left of '->next' must point to class/struct/union/generic type
     1>c:\users\mygpc\missionrndprojects\test2\src\oddeven.cpp(49): error C2059: syntax error : '->'
     1>c:\users\mygpc\missionrndprojects\test2\src\oddeven.cpp(50): error C2143: syntax error : missing ';' before '{'
     1>c:\users\mygpc\missionrndprojects\test2\src\oddeven.cpp(51): error C2143: syntax error : missing ';' before '->'
     1>c:\users\mygpc\missionrndprojects\test2\src\oddeven.cpp(52): error C2065: 'next' : undeclared identifier
     1>c:\users\mygpc\missionrndprojects\test2\src\oddeven.cpp(52): error C2275: 'oddevennode' : illegal use of this type as an expression
                 c:\users\mygpc\missionrndprojects\test2\src\oddeven.cpp(34) : see declaration of 'oddevennode'
     1>c:\users\mygpc\missionrndprojects\test2\src\oddeven.cpp(52): error C2227: left of '->next' must point to class/struct/union/generic type
     1>c:\users\mygpc\missionrndprojects\test2\src\oddeven.cpp(56): warning C4172: returning address of local variable or temporary
     1>Done Building Project "C:\Users\MYGPC\MissionRnDProjects\test2\src\src.vcxproj" (Build target(s)) -- FAILED.

Build FAILED.

Time Elapsed 00:00:01.36
